23:47:41| 

23:47:41| ############################################################
23:47:41| Depth First Search: 6 generations
23:47:41| ############################################################
23:47:42| 0.78579260
23:47:43| 


23:47:43| ************* TREE DISPLAY *************
23:47:43| Family id: 5001591343
23:47:43|   Husband: Owen, 18-5-2016
23:47:43|   Wife: Hazel, 16-2-1859
23:47:43|   Husband Parents: None
23:47:43|   Wife Parents: None
23:47:43|   Children: 
23:47:43| 
23:47:43| Number of people                    : 2
23:47:43| Number of families                  : 1
23:47:43| Max generations                     : 1
23:47:43| People connected to starting family : 2
23:47:43| 
23:47:43| total_time                          : 0.78579
23:47:43| Generations                         : 6
23:47:43| People % Families / second          : 3.81780
23:47:43| 
23:47:43| 

23:47:43| ############################################################
23:47:43| Breadth First Search: 6 generations
23:47:43| ############################################################
23:47:44| 0.79239470
23:47:44| 


23:47:44| ************* TREE DISPLAY *************
23:47:44| Family id: 5001591343
23:47:44|   Husband: Ethan, 10-2-1811
23:47:44|   Wife: Madison, 29-1-1850
23:47:44|   Husband Parents: None
23:47:44|   Wife Parents: None
23:47:44|   Children: 
23:47:44| 
23:47:44| Number of people                    : 2
23:47:44| Number of families                  : 1
23:47:44| Max generations                     : 1
23:47:44| People connected to starting family : 2
23:47:44| 
23:47:44| total_time                          : 0.79239
23:47:44| Generations                         : 6
23:47:44| People % Families / second          : 3.78599
23:47:44| 
23:47:44| 

23:47:44| ############################################################
23:47:44| Breadth First Search limit 5: 6 generations
23:47:44| ############################################################
23:47:44| 0.00235860
23:47:44| 


23:47:44| ************* TREE DISPLAY *************
23:47:44| Family id: 5001591343
23:47:44|   Husband: None
23:47:44|   Wife: None
23:47:44|   Husband Parents: None
23:47:44|   Wife Parents: None
